This is pdfTeX, Version 3.14159265-2.6-1.40.20 (TeX Live 2019) (preloaded format=pdflatex 2019.5.8)  13 JUN 2020 13:44
entering extended mode
 restricted \write18 enabled.
 %&-line parsing enabled.
**final_report.tex
(./final_report.tex
LaTeX2e <2018-12-01>
(/usr/local/texlive/2019/texmf-dist/tex/latex/base/article.cls
Document Class: article 2018/09/03 v1.4i Standard LaTeX document class
(/usr/local/texlive/2019/texmf-dist/tex/latex/base/size10.clo
File: size10.clo 2018/09/03 v1.4i Standard LaTeX file (size option)
)
\c@part=\count80
\c@section=\count81
\c@subsection=\count82
\c@subsubsection=\count83
\c@paragraph=\count84
\c@subparagraph=\count85
\c@figure=\count86
\c@table=\count87
\abovecaptionskip=\skip41
\belowcaptionskip=\skip42
\bibindent=\dimen102
)
(./../nips_style/neurips_2020.sty

LaTeX Warning: You have requested package `./../nips_style/neurips_2020',
               but the package provides `neurips_2020'.

Package: neurips_2020 2020/01/31 NeurIPS 2020 submission/camera-ready style fil
e
(/usr/local/texlive/2019/texmf-dist/tex/latex/environ/environ.sty
Package: environ 2014/05/04 v0.3 A new way to define environments

(/usr/local/texlive/2019/texmf-dist/tex/latex/trimspaces/trimspaces.sty
Package: trimspaces 2009/09/17 v1.1 Trim spaces around a token list
)
\@envbody=\toks14
)
(/usr/local/texlive/2019/texmf-dist/tex/latex/geometry/geometry.sty
Package: geometry 2018/04/16 v5.8 Page Geometry

(/usr/local/texlive/2019/texmf-dist/tex/latex/graphics/keyval.sty
Package: keyval 2014/10/28 v1.15 key=value parser (DPC)
\KV@toks@=\toks15
)
(/usr/local/texlive/2019/texmf-dist/tex/generic/oberdiek/ifpdf.sty
Package: ifpdf 2018/09/07 v3.3 Provides the ifpdf switch
)
(/usr/local/texlive/2019/texmf-dist/tex/generic/oberdiek/ifvtex.sty
Package: ifvtex 2016/05/16 v1.6 Detect VTeX and its facilities (HO)
Package ifvtex Info: VTeX not detected.
)
(/usr/local/texlive/2019/texmf-dist/tex/generic/ifxetex/ifxetex.sty
Package: ifxetex 2010/09/12 v0.6 Provides ifxetex conditional
)
\Gm@cnth=\count88
\Gm@cntv=\count89
\c@Gm@tempcnt=\count90
\Gm@bindingoffset=\dimen103
\Gm@wd@mp=\dimen104
\Gm@odd@mp=\dimen105
\Gm@even@mp=\dimen106
\Gm@layoutwidth=\dimen107
\Gm@layoutheight=\dimen108
\Gm@layouthoffset=\dimen109
\Gm@layoutvoffset=\dimen110
\Gm@dimlist=\toks16
)
\@neuripsabovecaptionskip=\skip43
\@neuripsbelowcaptionskip=\skip44
)
(/usr/local/texlive/2019/texmf-dist/tex/latex/base/inputenc.sty
Package: inputenc 2018/08/11 v1.3c Input encoding file
\inpenc@prehook=\toks17
\inpenc@posthook=\toks18
)
(/usr/local/texlive/2019/texmf-dist/tex/latex/base/fontenc.sty
Package: fontenc 2018/08/11 v2.0j Standard LaTeX package

(/usr/local/texlive/2019/texmf-dist/tex/latex/base/t1enc.def
File: t1enc.def 2018/08/11 v2.0j Standard LaTeX file
LaTeX Font Info:    Redeclaring font encoding T1 on input line 48.
))
(/usr/local/texlive/2019/texmf-dist/tex/latex/hyperref/hyperref.sty
Package: hyperref 2018/11/30 v6.88e Hypertext links for LaTeX

(/usr/local/texlive/2019/texmf-dist/tex/generic/oberdiek/hobsub-hyperref.sty
Package: hobsub-hyperref 2016/05/16 v1.14 Bundle oberdiek, subset hyperref (HO)


(/usr/local/texlive/2019/texmf-dist/tex/generic/oberdiek/hobsub-generic.sty
Package: hobsub-generic 2016/05/16 v1.14 Bundle oberdiek, subset generic (HO)
Package: hobsub 2016/05/16 v1.14 Construct package bundles (HO)
Package: infwarerr 2016/05/16 v1.4 Providing info/warning/error messages (HO)
Package: ltxcmds 2016/05/16 v1.23 LaTeX kernel commands for general use (HO)
Package: ifluatex 2016/05/16 v1.4 Provides the ifluatex switch (HO)
Package ifluatex Info: LuaTeX not detected.
Package hobsub Info: Skipping package `ifvtex' (already loaded).
Package: intcalc 2016/05/16 v1.2 Expandable calculations with integers (HO)
Package hobsub Info: Skipping package `ifpdf' (already loaded).
Package: etexcmds 2016/05/16 v1.6 Avoid name clashes with e-TeX commands (HO)
Package: kvsetkeys 2016/05/16 v1.17 Key value parser (HO)
Package: kvdefinekeys 2016/05/16 v1.4 Define keys (HO)
Package: pdftexcmds 2018/09/10 v0.29 Utility functions of pdfTeX for LuaTeX (HO
)
Package pdftexcmds Info: LuaTeX not detected.
Package pdftexcmds Info: \pdf@primitive is available.
Package pdftexcmds Info: \pdf@ifprimitive is available.
Package pdftexcmds Info: \pdfdraftmode found.
Package: pdfescape 2016/05/16 v1.14 Implements pdfTeX's escape features (HO)
Package: bigintcalc 2016/05/16 v1.4 Expandable calculations on big integers (HO
)
Package: bitset 2016/05/16 v1.2 Handle bit-vector datatype (HO)
Package: uniquecounter 2016/05/16 v1.3 Provide unlimited unique counter (HO)
)
Package hobsub Info: Skipping package `hobsub' (already loaded).
Package: letltxmacro 2016/05/16 v1.5 Let assignment for LaTeX macros (HO)
Package: hopatch 2016/05/16 v1.3 Wrapper for package hooks (HO)
Package: xcolor-patch 2016/05/16 xcolor patch
Package: atveryend 2016/05/16 v1.9 Hooks at the very end of document (HO)
Package atveryend Info: \enddocument detected (standard20110627).
Package: atbegshi 2016/06/09 v1.18 At begin shipout hook (HO)
Package: refcount 2016/05/16 v3.5 Data extraction from label references (HO)
Package: hycolor 2016/05/16 v1.8 Color options for hyperref/bookmark (HO)
)
(/usr/local/texlive/2019/texmf-dist/tex/latex/oberdiek/auxhook.sty
Package: auxhook 2016/05/16 v1.4 Hooks for auxiliary files (HO)
)
(/usr/local/texlive/2019/texmf-dist/tex/latex/oberdiek/kvoptions.sty
Package: kvoptions 2016/05/16 v3.12 Key value format for package options (HO)
)
\@linkdim=\dimen111
\Hy@linkcounter=\count91
\Hy@pagecounter=\count92

(/usr/local/texlive/2019/texmf-dist/tex/latex/hyperref/pd1enc.def
File: pd1enc.def 2018/11/30 v6.88e Hyperref: PDFDocEncoding definition (HO)
Now handling font encoding PD1 ...
... no UTF-8 mapping file for font encoding PD1
)
\Hy@SavedSpaceFactor=\count93

(/usr/local/texlive/2019/texmf-dist/tex/latex/latexconfig/hyperref.cfg
File: hyperref.cfg 2002/06/06 v1.2 hyperref configuration of TeXLive
)
Package hyperref Info: Hyper figures OFF on input line 4519.
Package hyperref Info: Link nesting OFF on input line 4524.
Package hyperref Info: Hyper index ON on input line 4527.
Package hyperref Info: Plain pages OFF on input line 4534.
Package hyperref Info: Backreferencing OFF on input line 4539.
Package hyperref Info: Implicit mode ON; LaTeX internals redefined.
Package hyperref Info: Bookmarks ON on input line 4772.
\c@Hy@tempcnt=\count94

(/usr/local/texlive/2019/texmf-dist/tex/latex/url/url.sty
\Urlmuskip=\muskip10
Package: url 2013/09/16  ver 3.4  Verb mode for urls, etc.
)
LaTeX Info: Redefining \url on input line 5125.
\XeTeXLinkMargin=\dimen112
\Fld@menulength=\count95
\Field@Width=\dimen113
\Fld@charsize=\dimen114
Package hyperref Info: Hyper figures OFF on input line 6380.
Package hyperref Info: Link nesting OFF on input line 6385.
Package hyperref Info: Hyper index ON on input line 6388.
Package hyperref Info: backreferencing OFF on input line 6395.
Package hyperref Info: Link coloring OFF on input line 6400.
Package hyperref Info: Link coloring with OCG OFF on input line 6405.
Package hyperref Info: PDF/A mode OFF on input line 6410.
LaTeX Info: Redefining \ref on input line 6450.
LaTeX Info: Redefining \pageref on input line 6454.
\Hy@abspage=\count96
\c@Item=\count97
\c@Hfootnote=\count98
)
Package hyperref Info: Driver (autodetected): hpdftex.

(/usr/local/texlive/2019/texmf-dist/tex/latex/hyperref/hpdftex.def
File: hpdftex.def 2018/11/30 v6.88e Hyperref driver for pdfTeX
\Fld@listcount=\count99
\c@bookmark@seq@number=\count100

(/usr/local/texlive/2019/texmf-dist/tex/latex/oberdiek/rerunfilecheck.sty
Package: rerunfilecheck 2016/05/16 v1.8 Rerun checks for auxiliary files (HO)
Package uniquecounter Info: New unique counter `rerunfilecheck' on input line 2
82.
)
\Hy@SectionHShift=\skip45
)
Package hyperref Info: Option `colorlinks' set `true' on input line 38.

(/usr/local/texlive/2019/texmf-dist/tex/latex/booktabs/booktabs.sty
Package: booktabs 2016/04/27 v1.618033 publication quality tables
\heavyrulewidth=\dimen115
\lightrulewidth=\dimen116
\cmidrulewidth=\dimen117
\belowrulesep=\dimen118
\belowbottomsep=\dimen119
\aboverulesep=\dimen120
\abovetopsep=\dimen121
\cmidrulesep=\dimen122
\cmidrulekern=\dimen123
\defaultaddspace=\dimen124
\@cmidla=\count101
\@cmidlb=\count102
\@aboverulesep=\dimen125
\@belowrulesep=\dimen126
\@thisruleclass=\count103
\@lastruleclass=\count104
\@thisrulewidth=\dimen127
)
(/usr/local/texlive/2019/texmf-dist/tex/latex/amsfonts/amsfonts.sty
Package: amsfonts 2013/01/14 v3.01 Basic AMSFonts support
\@emptytoks=\toks19
\symAMSa=\mathgroup4
\symAMSb=\mathgroup5
LaTeX Font Info:    Overwriting math alphabet `\mathfrak' in version `bold'
(Font)                  U/euf/m/n --> U/euf/b/n on input line 106.
)
(/usr/local/texlive/2019/texmf-dist/tex/latex/units/nicefrac.sty
Package: nicefrac 1998/08/04 v0.9b Nice fractions
\L@UnitsRaiseDisplaystyle=\skip46
\L@UnitsRaiseTextstyle=\skip47
\L@UnitsRaiseScriptstyle=\skip48

(/usr/local/texlive/2019/texmf-dist/tex/latex/base/ifthen.sty
Package: ifthen 2014/09/29 v1.1c Standard LaTeX ifthen package (DPC)
))
(/usr/local/texlive/2019/texmf-dist/tex/latex/microtype/microtype.sty
Package: microtype 2019/02/28 v2.7b Micro-typographical refinements (RS)
\MT@toks=\toks20
\MT@count=\count105
LaTeX Info: Redefining \textls on input line 790.
\MT@outer@kern=\dimen128
LaTeX Info: Redefining \textmicrotypecontext on input line 1336.
\MT@listname@count=\count106

(/usr/local/texlive/2019/texmf-dist/tex/latex/microtype/microtype-pdftex.def
File: microtype-pdftex.def 2019/02/28 v2.7b Definitions specific to pdftex (RS)

LaTeX Info: Redefining \lsstyle on input line 914.
LaTeX Info: Redefining \lslig on input line 914.
\MT@outer@space=\skip49
)
Package microtype Info: Loading configuration file microtype.cfg.

(/usr/local/texlive/2019/texmf-dist/tex/latex/microtype/microtype.cfg
File: microtype.cfg 2019/02/28 v2.7b microtype main configuration file (RS)
))
(./sym_def.tex
(/usr/local/texlive/2019/texmf-dist/tex/latex/graphics/graphics.sty
Package: graphics 2017/06/25 v1.2c Standard LaTeX Graphics (DPC,SPQR)

(/usr/local/texlive/2019/texmf-dist/tex/latex/graphics/trig.sty
Package: trig 2016/01/03 v1.10 sin cos tan (DPC)
)
(/usr/local/texlive/2019/texmf-dist/tex/latex/graphics-cfg/graphics.cfg
File: graphics.cfg 2016/06/04 v1.11 sample graphics configuration
)
Package graphics Info: Driver file: pdftex.def on input line 99.

(/usr/local/texlive/2019/texmf-dist/tex/latex/graphics-def/pdftex.def
File: pdftex.def 2018/01/08 v1.0l Graphics/color driver for pdftex
))
(/usr/local/texlive/2019/texmf-dist/tex/latex/graphics/graphicx.sty
Package: graphicx 2017/06/01 v1.1a Enhanced LaTeX Graphics (DPC,SPQR)
\Gin@req@height=\dimen129
\Gin@req@width=\dimen130
)
(/usr/local/texlive/2019/texmf-dist/tex/latex/multirow/multirow.sty
Package: multirow 2019/01/01 v2.4 Span multiple rows of a table
\multirow@colwidth=\skip50
\multirow@cntb=\count107
\multirow@dima=\skip51
\bigstrutjot=\dimen131
)
(/usr/local/texlive/2019/texmf-dist/tex/latex/tools/longtable.sty
Package: longtable 2014/10/28 v4.11 Multi-page Table package (DPC)+ FMi change
\LTleft=\skip52
\LTright=\skip53
\LTpre=\skip54
\LTpost=\skip55
\LTchunksize=\count108
\LTcapwidth=\dimen132
\LT@head=\box27
\LT@firsthead=\box28
\LT@foot=\box29
\LT@lastfoot=\box30
\LT@cols=\count109
\LT@rows=\count110
\c@LT@tables=\count111
\c@LT@chunks=\count112
\LT@p@ftn=\toks21
)
(/usr/local/texlive/2019/texmf-dist/tex/latex/graphics/epsfig.sty
Package: epsfig 2017/06/25 v1.7b (e)psfig emulation (SPQR)
\epsfxsize=\dimen133
\epsfysize=\dimen134
)
(/usr/local/texlive/2019/texmf-dist/tex/latex/oberdiek/epstopdf.sty
Package: epstopdf 2016/05/15 v2.6 Conversion with epstopdf on the fly (HO)

(/usr/local/texlive/2019/texmf-dist/tex/latex/oberdiek/epstopdf-base.sty
Package: epstopdf-base 2016/05/15 v2.6 Base part for package epstopdf

(/usr/local/texlive/2019/texmf-dist/tex/latex/oberdiek/grfext.sty
Package: grfext 2016/05/16 v1.2 Manage graphics extensions (HO)
)
Package epstopdf-base Info: Redefining graphics rule for `.eps' on input line 4
38.
Package grfext Info: Graphics extension search list:
(grfext)             [.pdf,.png,.jpg,.mps,.jpeg,.jbig2,.jb2,.PDF,.PNG,.JPG,.JPE
G,.JBIG2,.JB2,.eps]
(grfext)             \AppendGraphicsExtensions on input line 456.

(/usr/local/texlive/2019/texmf-dist/tex/latex/latexconfig/epstopdf-sys.cfg
File: epstopdf-sys.cfg 2010/07/13 v1.3 Configuration of (r)epstopdf for TeX Liv
e
)))
(/usr/local/texlive/2019/texmf-dist/tex/latex/amsmath/amsmath.sty
Package: amsmath 2018/12/01 v2.17b AMS math features
\@mathmargin=\skip56

For additional information on amsmath, use the `?' option.
(/usr/local/texlive/2019/texmf-dist/tex/latex/amsmath/amstext.sty
Package: amstext 2000/06/29 v2.01 AMS text

(/usr/local/texlive/2019/texmf-dist/tex/latex/amsmath/amsgen.sty
File: amsgen.sty 1999/11/30 v2.0 generic functions
\@emptytoks=\toks22
\ex@=\dimen135
))
(/usr/local/texlive/2019/texmf-dist/tex/latex/amsmath/amsbsy.sty
Package: amsbsy 1999/11/29 v1.2d Bold Symbols
\pmbraise@=\dimen136
)
(/usr/local/texlive/2019/texmf-dist/tex/latex/amsmath/amsopn.sty
Package: amsopn 2016/03/08 v2.02 operator names
)
\inf@bad=\count113
LaTeX Info: Redefining \frac on input line 223.
\uproot@=\count114
\leftroot@=\count115
LaTeX Info: Redefining \overline on input line 385.
\classnum@=\count116
\DOTSCASE@=\count117
LaTeX Info: Redefining \ldots on input line 482.
LaTeX Info: Redefining \dots on input line 485.
LaTeX Info: Redefining \cdots on input line 606.
\Mathstrutbox@=\box31
\strutbox@=\box32
\big@size=\dimen137
LaTeX Font Info:    Redeclaring font encoding OML on input line 729.
LaTeX Font Info:    Redeclaring font encoding OMS on input line 730.
\macc@depth=\count118
\c@MaxMatrixCols=\count119
\dotsspace@=\muskip11
\c@parentequation=\count120
\dspbrk@lvl=\count121
\tag@help=\toks23
\row@=\count122
\column@=\count123
\maxfields@=\count124
\andhelp@=\toks24
\eqnshift@=\dimen138
\alignsep@=\dimen139
\tagshift@=\dimen140
\tagwidth@=\dimen141
\totwidth@=\dimen142
\lineht@=\dimen143
\@envbody=\toks25
\multlinegap=\skip57
\multlinetaggap=\skip58
\mathdisplay@stack=\toks26
LaTeX Info: Redefining \[ on input line 2844.
LaTeX Info: Redefining \] on input line 2845.
)
(/usr/local/texlive/2019/texmf-dist/tex/latex/jknapltx/mathrsfs.sty
Package: mathrsfs 1996/01/01 Math RSFS package v1.0 (jk)
\symrsfs=\mathgroup6
)
(/usr/local/texlive/2019/texmf-dist/tex/latex/doublestroke/dsfont.sty
Package: dsfont 1995/08/01 v0.1 Double stroke roman fonts
)
(/usr/local/texlive/2019/texmf-dist/tex/latex/amsfonts/amssymb.sty
Package: amssymb 2013/01/14 v3.01 AMS font symbols
)
(/usr/local/texlive/2019/texmf-dist/tex/latex/tools/bm.sty
Package: bm 2017/01/16 v1.2c Bold Symbol Support (DPC/FMi)
\symboldoperators=\mathgroup7
\symboldletters=\mathgroup8
\symboldsymbols=\mathgroup9
LaTeX Font Info:    Redeclaring math alphabet \mathbf on input line 141.
LaTeX Info: Redefining \bm on input line 207.
)
(/usr/local/texlive/2019/texmf-dist/tex/latex/cite/cite.sty
LaTeX Info: Redefining \cite on input line 302.
LaTeX Info: Redefining \nocite on input line 332.
Package: cite 2015/02/27  v 5.5
)
(/usr/local/texlive/2019/texmf-dist/tex/latex/tools/verbatim.sty
Package: verbatim 2014/10/28 v1.5q LaTeX2e package for verbatim enhancements
\every@verbatim=\toks27
\verbatim@line=\toks28
\verbatim@in@stream=\read1
)
(/usr/local/texlive/2019/texmf-dist/tex/latex/amsmath/amscd.sty
Package: amscd 2017/04/14 v2.1 AMS Commutative Diagrams
\athelp@=\toks29
\minaw@=\dimen144
\bigaw@=\dimen145
\minCDarrowwidth=\dimen146
)
(/usr/local/texlive/2019/texmf-dist/tex/latex/graphics/color.sty
Package: color 2016/07/10 v1.1e Standard LaTeX Color (DPC)

(/usr/local/texlive/2019/texmf-dist/tex/latex/graphics-cfg/color.cfg
File: color.cfg 2016/01/02 v1.6 sample color configuration
)
Package color Info: Driver file: pdftex.def on input line 147.
)
(/usr/local/texlive/2019/texmf-dist/tex/latex/graphics/rotating.sty
Package: rotating 2016/08/11 v2.16d rotated objects in LaTeX
\c@r@tfl@t=\count125
\rotFPtop=\skip59
\rotFPbot=\skip60
\rot@float@box=\box33
\rot@mess@toks=\toks30
)
(/usr/local/texlive/2019/texmf-dist/tex/latex/caption/caption.sty
Package: caption 2018/10/06 v3.3-154 Customizing captions (AR)

(/usr/local/texlive/2019/texmf-dist/tex/latex/caption/caption3.sty
Package: caption3 2018/09/12 v1.8c caption3 kernel (AR)
Package caption3 Info: TeX engine: e-TeX on input line 64.
\captionmargin=\dimen147
\captionmargin@=\dimen148
\captionwidth=\dimen149
\caption@tempdima=\dimen150
\caption@indent=\dimen151
\caption@parindent=\dimen152
\caption@hangindent=\dimen153
)
\c@caption@flags=\count126
\c@ContinuedFloat=\count127
Package caption Info: hyperref package is loaded.
Package caption Info: longtable package is loaded.

(/usr/local/texlive/2019/texmf-dist/tex/latex/caption/ltcaption.sty
Package: ltcaption 2018/08/26 v1.4-95 longtable captions (AR)
)
Package caption Info: rotating package is loaded.
)
(/usr/local/texlive/2019/texmf-dist/tex/latex/caption/subcaption.sty
Package: subcaption 2018/05/01 v1.1-162 Sub-captions (AR)
\c@subfigure=\count128
\c@subtable=\count129
)
(/usr/local/texlive/2019/texmf-dist/tex/latex/moresize/moresize.sty
Package: moresize 1999/07/26 v1.9 (more font sizes)
)
(/usr/local/texlive/2019/texmf-dist/tex/latex/sttools/flushend.sty
Package: flushend 2017/03/27 v3.3 Balancing columns in twocolumn mode
\flushend@@lastskip@a=\skip61
\flushend@@lastskip@b=\skip62
\flushend@@lastskip@c=\skip63
\flushend@@penalty@a=\count130
\flushend@@lastkern@a=\dimen154
\var@@temp@spread=\dimen155
\var@@temp@a=\dimen156
\flushend@@page@rule=\dimen157
\flushend@@varbox@a=\box34
\flushend@@varbox@c=\box35
\flushend@@tempbox@a=\box36
\flushend@@tempbox@c=\box37
\@viper=\box38
\hold@viper=\box39
\atColsBreak=\toks31
\atColsEnd=\toks32

(/usr/local/texlive/2019/texmf-dist/tex/latex/etoolbox/etoolbox.sty
Package: etoolbox 2018/08/19 v2.5f e-TeX tools for LaTeX (JAW)
\etb@tempcnta=\count131
))
(/usr/local/texlive/2019/texmf-dist/tex/latex/footmisc/footmisc.sty
Package: footmisc 2011/06/06 v5.5b a miscellany of footnote facilities
\FN@temptoken=\toks33
\footnotemargin=\dimen158
\c@pp@next@reset=\count132
Package footmisc Info: Declaring symbol style bringhurst on input line 855.
Package footmisc Info: Declaring symbol style chicago on input line 863.
Package footmisc Info: Declaring symbol style wiley on input line 872.
Package footmisc Info: Declaring symbol style lamport-robust on input line 883.

Package footmisc Info: Declaring symbol style lamport* on input line 903.
Package footmisc Info: Declaring symbol style lamport*-robust on input line 924
.
)
(/usr/local/texlive/2019/texmf-dist/tex/latex/algorithmicx/algorithmicx.sty
Package: algorithmicx 2005/04/27 v1.2 Algorithmicx

Document Style algorithmicx 1.2 - a greatly improved `algorithmic' style
\c@ALG@line=\count133
\c@ALG@rem=\count134
\c@ALG@nested=\count135
\ALG@tlm=\skip64
\ALG@thistlm=\skip65
\c@ALG@Lnr=\count136
\c@ALG@blocknr=\count137
\c@ALG@storecount=\count138
\c@ALG@tmpcounter=\count139
\ALG@tmplength=\skip66
) (/usr/local/texlive/2019/texmf-dist/tex/latex/algorithms/algorithm.sty
Package: algorithm 2009/08/24 v0.1 Document Style `algorithm' - floating enviro
nment

(/usr/local/texlive/2019/texmf-dist/tex/latex/float/float.sty
Package: float 2001/11/08 v1.3d Float enhancements (AL)
\c@float@type=\count140
\float@exts=\toks34
\float@box=\box40
\@float@everytoks=\toks35
\@floatcapt=\box41
)
\@float@every@algorithm=\toks36
\c@algorithm=\count141
)
(/usr/local/texlive/2019/texmf-dist/tex/latex/algorithmicx/algpseudocode.sty
Package: algpseudocode 

Document Style - pseudocode environments for use with the `algorithmicx' style
) (/usr/local/texlive/2019/texmf-dist/tex/latex/algorithmicx/algpascal.sty
Package: algpascal 

Document Style - pascal environments for the `algorithmicx' style
) (/usr/local/texlive/2019/texmf-dist/tex/latex/algorithmicx/algc.sty
Package: algc 

Document Style - c/c++ environments for use with the `algorithmicx' style
) (/usr/local/texlive/2019/texmf-dist/tex/latex/enumitem/enumitem.sty
Package: enumitem 2019/02/04 v3.8 Customized lists
\labelindent=\skip67
\enit@outerparindent=\dimen159
\enit@toks=\toks37
\enit@inbox=\box42
\enit@count@id=\count142
\enitdp@description=\count143
)
(/usr/local/texlive/2019/texmf-dist/tex/latex/youngtab/youngtab.sty
Package: youngtab 1999/05/19 v1.1; Macros for Young-Tableaux
\y@b@xdim=\dimen160
\y@boxdim=\dimen161
\y@linethick=\dimen162
\y@interspace=\skip68
\y@counter=\count144
)
(/usr/local/texlive/2019/texmf-dist/tex/latex/arydshln/arydshln.sty
Package: arydshln 2019/02/21 v1.76 
\dashlinedash=\dimen163
\dashlinegap=\dimen164
\adl@box=\box43
\adl@height=\dimen165
\adl@heightsave=\dimen166
\adl@depth=\dimen167
\adl@depthsave=\dimen168
\adl@finaldepth=\dimen169
\adl@columns=\count145
\adl@ncol=\count146
\adl@currentcolumn=\count147
\adl@currentcolumnsave=\count148
\adl@totalheight=\count149
\adl@totalheightsave=\count150
\adl@dash=\count151
\adl@gap=\count152
\adl@cla=\count153
\adl@clb=\count154
\adl@everyvbox=\toks38
\adl@LTpagetotal=\dimen170
))
(./final_report.aux

LaTeX Warning: Label `finetuning' multiply defined.


LaTeX Warning: Label `finetuning' multiply defined.


LaTeX Warning: Label `finetuning' multiply defined.


LaTeX Warning: Label `finetuning' multiply defined.


LaTeX Warning: Label `finetuning' multiply defined.

)
\openout1 = `final_report.aux'.

LaTeX Font Info:    Checking defaults for OML/cmm/m/it on input line 85.
LaTeX Font Info:    ... okay on input line 85.
LaTeX Font Info:    Checking defaults for T1/cmr/m/n on input line 85.
LaTeX Font Info:    ... okay on input line 85.
LaTeX Font Info:    Checking defaults for OT1/cmr/m/n on input line 85.
LaTeX Font Info:    ... okay on input line 85.
LaTeX Font Info:    Checking defaults for OMS/cmsy/m/n on input line 85.
LaTeX Font Info:    ... okay on input line 85.
LaTeX Font Info:    Checking defaults for OMX/cmex/m/n on input line 85.
LaTeX Font Info:    ... okay on input line 85.
LaTeX Font Info:    Checking defaults for U/cmr/m/n on input line 85.
LaTeX Font Info:    ... okay on input line 85.
LaTeX Font Info:    Checking defaults for PD1/pdf/m/n on input line 85.
LaTeX Font Info:    ... okay on input line 85.
LaTeX Font Info:    Try loading font information for T1+ptm on input line 85.
 (/usr/local/texlive/2019/texmf-dist/tex/latex/psnfss/t1ptm.fd
File: t1ptm.fd 2001/06/04 font definitions for T1/ptm.
)
*geometry* driver: auto-detecting
*geometry* detected driver: pdftex
*geometry* verbose mode - [ preamble ] result:
* driver: pdftex
* paper: letterpaper
* layout: <same size as paper>
* layoutoffset:(h,v)=(0.0pt,0.0pt)
* modes: 
* h-part:(L,W,R)=(92.14519pt, 430.00462pt, 92.14519pt)
* v-part:(T,H,B)=(95.39737pt, 556.47656pt, 143.09605pt)
* \paperwidth=614.295pt
* \paperheight=794.96999pt
* \textwidth=430.00462pt
* \textheight=556.47656pt
* \oddsidemargin=19.8752pt
* \evensidemargin=19.8752pt
* \topmargin=-13.87262pt
* \headheight=12.0pt
* \headsep=25.0pt
* \topskip=10.0pt
* \footskip=30.0pt
* \marginparwidth=65.0pt
* \marginparsep=11.0pt
* \columnsep=10.0pt
* \skip\footins=9.0pt plus 4.0pt minus 2.0pt
* \hoffset=0.0pt
* \voffset=0.0pt
* \mag=1000
* \@twocolumnfalse
* \@twosidefalse
* \@mparswitchfalse
* \@reversemarginfalse
* (1in=72.27pt=25.4mm, 1cm=28.453pt)

*geometry* verbose mode - [ newgeometry ] result:
* driver: pdftex
* paper: letterpaper
* layout: <same size as paper>
* layoutoffset:(h,v)=(0.0pt,0.0pt)
* modes: 
* h-part:(L,W,R)=(108.405pt, 397.48499pt, 108.40501pt)
* v-part:(T,H,B)=(72.26999pt, 650.43pt, 72.27pt)
* \paperwidth=614.295pt
* \paperheight=794.96999pt
* \textwidth=397.48499pt
* \textheight=650.43pt
* \oddsidemargin=36.13501pt
* \evensidemargin=36.13501pt
* \topmargin=-37.0pt
* \headheight=12.0pt
* \headsep=25.0pt
* \topskip=10.0pt
* \footskip=30.0pt
* \marginparwidth=65.0pt
* \marginparsep=11.0pt
* \columnsep=10.0pt
* \skip\footins=9.0pt plus 4.0pt minus 2.0pt
* \hoffset=0.0pt
* \voffset=0.0pt
* \mag=1000
* \@twocolumnfalse
* \@twosidefalse
* \@mparswitchfalse
* \@reversemarginfalse
* (1in=72.27pt=25.4mm, 1cm=28.453pt)

\AtBeginShipoutBox=\box44
Package hyperref Info: Link coloring ON on input line 85.
(/usr/local/texlive/2019/texmf-dist/tex/latex/hyperref/nameref.sty
Package: nameref 2016/05/21 v2.44 Cross-referencing by name of section

(/usr/local/texlive/2019/texmf-dist/tex/generic/oberdiek/gettitlestring.sty
Package: gettitlestring 2016/05/16 v1.5 Cleanup title references (HO)
)
\c@section@level=\count155
)
LaTeX Info: Redefining \ref on input line 85.
LaTeX Info: Redefining \pageref on input line 85.
LaTeX Info: Redefining \nameref on input line 85.

(./final_report.out) (./final_report.out)
\@outlinefile=\write3
\openout3 = `final_report.out'.

LaTeX Info: Redefining \microtypecontext on input line 85.
Package microtype Info: Generating PDF output.
Package microtype Info: Character protrusion enabled (level 2).
Package microtype Info: Using default protrusion set `alltext'.
Package microtype Info: Automatic font expansion enabled (level 2),
(microtype)             stretch: 20, shrink: 20, step: 1, non-selected.
Package microtype Info: Using default expansion set `basictext'.
Package microtype Info: No adjustment of tracking.
Package microtype Info: No adjustment of interword spacing.
Package microtype Info: No adjustment of character kerning.

(/usr/local/texlive/2019/texmf-dist/tex/latex/microtype/mt-ptm.cfg
File: mt-ptm.cfg 2006/04/20 v1.7 microtype config. file: Times (RS)
)
(/usr/local/texlive/2019/texmf-dist/tex/context/base/mkii/supp-pdf.mkii
[Loading MPS to PDF converter (version 2006.09.02).]
\scratchcounter=\count156
\scratchdimen=\dimen171
\scratchbox=\box45
\nofMPsegments=\count157
\nofMParguments=\count158
\everyMPshowfont=\toks39
\MPscratchCnt=\count159
\MPscratchDim=\dimen172
\MPnumerator=\count160
\makeMPintoPDFobject=\count161
\everyMPtoPDFconversion=\toks40
)
Package caption Info: Begin \AtBeginDocument code.
Package caption Info: float package is loaded.
Package caption Info: End \AtBeginDocument code.
LaTeX Font Info:    Font shape `T1/ptm/bx/n' in size <17.28> not available
(Font)              Font shape `T1/ptm/b/n' tried instead on input line 88.
 (/usr/local/texlive/2019/texmf-dist/tex/latex/microtype/mt-cmr.cfg
File: mt-cmr.cfg 2013/05/19 v2.2 microtype config. file: Computer Modern Roman 
(RS)
)
LaTeX Font Info:    Try loading font information for U+msa on input line 88.

(/usr/local/texlive/2019/texmf-dist/tex/latex/amsfonts/umsa.fd
File: umsa.fd 2013/01/14 v3.01 AMS symbols A
)
(/usr/local/texlive/2019/texmf-dist/tex/latex/microtype/mt-msa.cfg
File: mt-msa.cfg 2006/02/04 v1.1 microtype config. file: AMS symbols (a) (RS)
)
LaTeX Font Info:    Try loading font information for U+msb on input line 88.

(/usr/local/texlive/2019/texmf-dist/tex/latex/amsfonts/umsb.fd
File: umsb.fd 2013/01/14 v3.01 AMS symbols B
)
(/usr/local/texlive/2019/texmf-dist/tex/latex/microtype/mt-msb.cfg
File: mt-msb.cfg 2005/06/01 v1.0 microtype config. file: AMS symbols (b) (RS)
)
LaTeX Font Info:    Try loading font information for U+rsfs on input line 88.

(/usr/local/texlive/2019/texmf-dist/tex/latex/jknapltx/ursfs.fd
File: ursfs.fd 1998/03/24 rsfs font definition file (jk)
)
LaTeX Font Info:    Font shape `T1/ptm/bx/n' in size <10> not available
(Font)              Font shape `T1/ptm/b/n' tried instead on input line 88.
LaTeX Font Info:    Try loading font information for T1+cmtt on input line 88.

(/usr/local/texlive/2019/texmf-dist/tex/latex/base/t1cmtt.fd
File: t1cmtt.fd 2014/09/29 v2.5h Standard LaTeX font definitions
)
Package microtype Info: Loading generic protrusion settings for font family
(microtype)             `cmtt' (encoding: T1).
(microtype)             For optimal results, create family-specific settings.
(microtype)             See the microtype manual for details.
LaTeX Font Info:    Font shape `T1/ptm/bx/n' in size <12> not available
(Font)              Font shape `T1/ptm/b/n' tried instead on input line 89.
LaTeX Font Info:    Try loading font information for OMS+ptm on input line 107.


(/usr/local/texlive/2019/texmf-dist/tex/latex/psnfss/omsptm.fd
File: omsptm.fd 
)
LaTeX Font Info:    Font shape `OMS/ptm/m/n' in size <10> not available
(Font)              Font shape `OMS/cmsy/m/n' tried instead on input line 107.
 [1


{/usr/local/texlive/2019/texmf-var/fonts/map/pdftex/updmap/pdftex.map}]

LaTeX Warning: No positions in optional float specifier.
               Default added (so using `tbp') on input line 168.

<./../../figures/fs_det/fs-det.png, id=90, 1329.96875pt x 746.79pt>
File: ./../../figures/fs_det/fs-det.png Graphic file (type png)
<use ./../../figures/fs_det/fs-det.png>
Package pdftex.def Info: ./../../figures/fs_det/fs-det.png  used on input line 
173.
(pdftex.def)             Requested size: 314.00385pt x 175.60962pt.

Underfull \vbox (badness 10000) has occurred while \output is active []

 [2 <./../../figures/fs_det/fs-det.png>]
<./../../figures/fs_det/s1_finetuning.png, id=123, 2228.325pt x 1008.76875pt>
File: ./../../figures/fs_det/s1_finetuning.png Graphic file (type png)
<use ./../../figures/fs_det/s1_finetuning.png>
Package pdftex.def Info: ./../../figures/fs_det/s1_finetuning.png  used on inpu
t line 237.
(pdftex.def)             Requested size: 186.804pt x 110.5647pt.
<./../../figures/fs_det/s2_finetuning.png, id=124, 2112.89375pt x 1008.76875pt>

File: ./../../figures/fs_det/s2_finetuning.png Graphic file (type png)
<use ./../../figures/fs_det/s2_finetuning.png>
Package pdftex.def Info: ./../../figures/fs_det/s2_finetuning.png  used on inpu
t line 245.
(pdftex.def)             Requested size: 186.79926pt x 110.5647pt.


LaTeX Warning: `h' float specifier changed to `ht'.


Underfull \vbox (badness 1728) has occurred while \output is active []

 [3]
[4 <./../../figures/fs_det/s1_finetuning.png> <./../../figures/fs_det/s2_finetu
ning.png>]
Overfull \hbox (9.34715pt too wide) in paragraph at lines 339--350
[][] 
 []


Overfull \hbox (9.34715pt too wide) in paragraph at lines 355--366
[][] 
 []


Overfull \hbox (21.01372pt too wide) in paragraph at lines 371--382
[][] 
 []

<./../../final_results/Coco/COCO_test2014_000000006499_1shot.png, id=195, 642.4
pt x 428.60126pt>
File: ./../../final_results/Coco/COCO_test2014_000000006499_1shot.png Graphic f
ile (type png)
<use ./../../final_results/Coco/COCO_test2014_000000006499_1shot.png>
Package pdftex.def Info: ./../../final_results/Coco/COCO_test2014_000000006499_
1shot.png  used on input line 398.
(pdftex.def)             Requested size: 131.16353pt x 110.57042pt.
<./../../final_results/Coco/COCO_test2014_000000006499_5shot.png, id=196, 642.4
pt x 428.60126pt>
File: ./../../final_results/Coco/COCO_test2014_000000006499_5shot.png Graphic f
ile (type png)
<use ./../../final_results/Coco/COCO_test2014_000000006499_5shot.png>
Package pdftex.def Info: ./../../final_results/Coco/COCO_test2014_000000006499_
5shot.png  used on input line 405.
(pdftex.def)             Requested size: 131.16353pt x 110.57042pt.
<./../../final_results/Coco/COCO_test2014_000000006499_10shot.png, id=197, 642.
4pt x 428.60126pt>
File: ./../../final_results/Coco/COCO_test2014_000000006499_10shot.png Graphic 
file (type png)
<use ./../../final_results/Coco/COCO_test2014_000000006499_10shot.png>
Package pdftex.def Info: ./../../final_results/Coco/COCO_test2014_000000006499_
10shot.png  used on input line 412.
(pdftex.def)             Requested size: 123.21393pt x 110.57042pt.

LaTeX Warning: `!h' float specifier changed to `!ht'.

<./../../final_results/Pascal/000148_1shot.png, id=198, 501.875pt x 361.35pt>
File: ./../../final_results/Pascal/000148_1shot.png Graphic file (type png)
<use ./../../final_results/Pascal/000148_1shot.png>
Package pdftex.def Info: ./../../final_results/Pascal/000148_1shot.png  used on
 input line 425.
(pdftex.def)             Requested size: 131.17363pt x 110.57274pt.
<./../../final_results/Pascal/000148_5shot.png, id=199, 501.875pt x 361.35pt>
File: ./../../final_results/Pascal/000148_5shot.png Graphic file (type png)
<use ./../../final_results/Pascal/000148_5shot.png>
Package pdftex.def Info: ./../../final_results/Pascal/000148_5shot.png  used on
 input line 432.
(pdftex.def)             Requested size: 131.17363pt x 110.57274pt.
<./../../final_results/Pascal/000148_10shot.png, id=200, 501.875pt x 361.35pt>
File: ./../../final_results/Pascal/000148_10shot.png Graphic file (type png)
<use ./../../final_results/Pascal/000148_10shot.png>
Package pdftex.def Info: ./../../final_results/Pascal/000148_10shot.png  used o
n input line 439.
(pdftex.def)             Requested size: 123.21698pt x 110.57274pt.

LaTeX Warning: `!h' float specifier changed to `!ht'.

<./../../final_results//Coco/COCO_test2014_000000006499_1shot.png, id=201, 642.
4pt x 428.60126pt>
File: ./../../final_results//Coco/COCO_test2014_000000006499_1shot.png Graphic 
file (type png)
<use ./../../final_results//Coco/COCO_test2014_000000006499_1shot.png>
Package pdftex.def Info: ./../../final_results//Coco/COCO_test2014_000000006499
_1shot.png  used on input line 452.
(pdftex.def)             Requested size: 131.16353pt x 110.57042pt.
<./../../final_results//Coco/COCO_test2014_000000006499_5shot.png, id=202, 642.
4pt x 428.60126pt>
File: ./../../final_results//Coco/COCO_test2014_000000006499_5shot.png Graphic 
file (type png)
<use ./../../final_results//Coco/COCO_test2014_000000006499_5shot.png>
Package pdftex.def Info: ./../../final_results//Coco/COCO_test2014_000000006499
_5shot.png  used on input line 459.
(pdftex.def)             Requested size: 131.16353pt x 110.57042pt.
<./../../final_results//Coco/COCO_test2014_000000006499_10shot.png, id=203, 642
.4pt x 428.60126pt>
File: ./../../final_results//Coco/COCO_test2014_000000006499_10shot.png Graphic
 file (type png)
<use ./../../final_results//Coco/COCO_test2014_000000006499_10shot.png>
Package pdftex.def Info: ./../../final_results//Coco/COCO_test2014_000000006499
_10shot.png  used on input line 466.
(pdftex.def)             Requested size: 123.21393pt x 110.57042pt.

LaTeX Warning: `!h' float specifier changed to `!ht'.

<./../../figures/1shotpascal.png, id=204, 1003.75pt x 668.4975pt>
File: ./../../figures/1shotpascal.png Graphic file (type png)
<use ./../../figures/1shotpascal.png>
Package pdftex.def Info: ./../../figures/1shotpascal.png  used on input line 47
8.
(pdftex.def)             Requested size: 186.8089pt x 110.56253pt.
<./../../figures/5shotpascal.png, id=205, 1003.75pt x 669.50125pt>
File: ./../../figures/5shotpascal.png Graphic file (type png)
<use ./../../figures/5shotpascal.png>
Package pdftex.def Info: ./../../figures/5shotpascal.png  used on input line 48
4.
(pdftex.def)             Requested size: 186.8089pt x 110.5651pt.
<./../../figures/10shotpascal.png, id=206, 1002.74625pt x 667.49374pt>
File: ./../../figures/10shotpascal.png Graphic file (type png)
<use ./../../figures/10shotpascal.png>
Package pdftex.def Info: ./../../figures/10shotpascal.png  used on input line 4
90.
(pdftex.def)             Requested size: 186.80571pt x 110.56967pt.

Underfull \hbox (badness 10000) in paragraph at lines 476--493
[]$[]$ $[]$
 []


LaTeX Warning: `!h' float specifier changed to `!ht'.

<./../../figures/1shot.png, id=207, 1003.75pt x 668.4975pt>
File: ./../../figures/1shot.png Graphic file (type png)
<use ./../../figures/1shot.png>
Package pdftex.def Info: ./../../figures/1shot.png  used on input line 502.
(pdftex.def)             Requested size: 186.8089pt x 110.56253pt.
<./../../figures/5shot.png, id=208, 1004.75375pt x 668.4975pt>
File: ./../../figures/5shot.png Graphic file (type png)
<use ./../../figures/5shot.png>
Package pdftex.def Info: ./../../figures/5shot.png  used on input line 508.
(pdftex.def)             Requested size: 186.81174pt x 110.56253pt.
<./../../figures/10shot.png, id=209, 1002.74625pt x 668.4975pt>
File: ./../../figures/10shot.png Graphic file (type png)
<use ./../../figures/10shot.png>
Package pdftex.def Info: ./../../figures/10shot.png  used on input line 514.
(pdftex.def)             Requested size: 186.80571pt x 110.56253pt.

Underfull \hbox (badness 10000) in paragraph at lines 500--517
[]$[]$ $[]$
 []


LaTeX Warning: `!h' float specifier changed to `!ht'.

<./../../figures/1shotkitti.png, id=210, 1004.75375pt x 668.4975pt>
File: ./../../figures/1shotkitti.png Graphic file (type png)
<use ./../../figures/1shotkitti.png>
Package pdftex.def Info: ./../../figures/1shotkitti.png  used on input line 525
.
(pdftex.def)             Requested size: 186.81174pt x 110.56253pt.
<./../../figures/5shotkitti.png, id=211, 1003.75pt x 668.4975pt>
File: ./../../figures/5shotkitti.png Graphic file (type png)
<use ./../../figures/5shotkitti.png>
Package pdftex.def Info: ./../../figures/5shotkitti.png  used on input line 531
.
(pdftex.def)             Requested size: 186.8089pt x 110.56253pt.
<./../../figures/10shotkitti.png, id=212, 1004.75375pt x 667.49374pt>
File: ./../../figures/10shotkitti.png Graphic file (type png)
<use ./../../figures/10shotkitti.png>
Package pdftex.def Info: ./../../figures/10shotkitti.png  used on input line 53
7.
(pdftex.def)             Requested size: 186.81174pt x 110.56967pt.

Underfull \hbox (badness 10000) in paragraph at lines 523--540
[]$[]$ $[]$
 []


LaTeX Warning: `!h' float specifier changed to `!ht'.

(./final_report.bbl
Underfull \vbox (badness 10000) has occurred while \output is active []

 [5]
[6 <./../../final_results/Coco/COCO_test2014_000000006499_1shot.png (PNG copy)>
 <./../../final_results/Coco/COCO_test2014_000000006499_5shot.png (PNG copy)> <
./../../final_results/Coco/COCO_test2014_000000006499_10shot.png (PNG copy)> <.
/../../final_results/Pascal/000148_1shot.png (PNG copy)> <./../../final_results
/Pascal/000148_5shot.png (PNG copy)> <./../../final_results/Pascal/000148_10sho
t.png (PNG copy)> <./../../final_results//Coco/COCO_test2014_000000006499_1shot
.png (PNG copy)> <./../../final_results//Coco/COCO_test2014_000000006499_5shot.
png (PNG copy)> <./../../final_results//Coco/COCO_test2014_000000006499_10shot.
png (PNG copy)>] [7 <./../../figures/1shotpascal.png> <./../../figures/5shotpas
cal.png> <./../../figures/10shotpascal.png> <./../../figures/1shot.png> <./../.
./figures/5shot.png> <./../../figures/10shot.png>])
Package atveryend Info: Empty hook `BeforeClearDocument' on input line 625.
 [8 <./../../figures/1shotkitti.png> <./../../figures/5shotkitti.png> <./../../
figures/10shotkitti.png>]
Package atveryend Info: Empty hook `AfterLastShipout' on input line 625.

(./final_report.aux)
Package atveryend Info: Executing hook `AtVeryEndDocument' on input line 625.
Package atveryend Info: Executing hook `AtEndAfterFileList' on input line 625.
Package rerunfilecheck Info: File `final_report.out' has not changed.
(rerunfilecheck)             Checksum: A7F1D3C9402A5D76EC982547D0F2EF6C;896.


LaTeX Warning: There were multiply-defined labels.

Package atveryend Info: Empty hook `AtVeryVeryEnd' on input line 625.
 ) 
Here is how much of TeX's memory you used:
 12454 strings out of 492616
 192929 string characters out of 6129482
 330612 words of memory out of 5000000
 15883 multiletter control sequences out of 15000+600000
 47611 words of font info for 172 fonts, out of 8000000 for 9000
 1141 hyphenation exceptions out of 8191
 38i,13n,39p,1139b,466s stack positions out of 5000i,500n,10000p,200000b,80000s
pdfTeX warning (dest): name{Hfootnote.2} has been referenced but does not exi
st, replaced by a fixed one

pdfTeX warning (dest): name{Hfootnote.1} has been referenced but does not exist
, replaced by a fixed one

{/usr/local/texlive/2019/texmf-dist/fonts/enc/dvips/base/8r.enc}{/usr/local/tex
live/2019/texmf-dist/fonts/enc/dvips/cm-super/cm-super-t1.enc}</usr/local/texli
ve/2019/texmf-dist/fonts/type1/public/amsfonts/cm/cmbx10.pfb></usr/local/texliv
e/2019/texmf-dist/fonts/type1/public/amsfonts/cm/cmex10.pfb></usr/local/texlive
/2019/texmf-dist/fonts/type1/public/amsfonts/cm/cmmi10.pfb></usr/local/texlive/
2019/texmf-dist/fonts/type1/public/amsfonts/cm/cmmi5.pfb></usr/local/texlive/20
19/texmf-dist/fonts/type1/public/amsfonts/cm/cmmi7.pfb></usr/local/texlive/2019
/texmf-dist/fonts/type1/public/amsfonts/cm/cmmi9.pfb></usr/local/texlive/2019/t
exmf-dist/fonts/type1/public/amsfonts/cm/cmr10.pfb></usr/local/texlive/2019/tex
mf-dist/fonts/type1/public/amsfonts/cm/cmr5.pfb></usr/local/texlive/2019/texmf-
dist/fonts/type1/public/amsfonts/cm/cmr6.pfb></usr/local/texlive/2019/texmf-dis
t/fonts/type1/public/amsfonts/cm/cmr7.pfb></usr/local/texlive/2019/texmf-dist/f
onts/type1/public/amsfonts/cm/cmr9.pfb></usr/local/texlive/2019/texmf-dist/font
s/type1/public/amsfonts/cm/cmsy10.pfb></usr/local/texlive/2019/texmf-dist/fonts
/type1/public/amsfonts/cm/cmsy6.pfb></usr/local/texlive/2019/texmf-dist/fonts/t
ype1/public/amsfonts/cm/cmsy7.pfb></usr/local/texlive/2019/texmf-dist/fonts/typ
e1/public/amsfonts/cm/cmsy9.pfb></usr/local/texlive/2019/texmf-dist/fonts/type1
/public/amsfonts/symbols/msbm10.pfb></usr/local/texlive/2019/texmf-dist/fonts/t
ype1/public/cm-super/sftt1000.pfb></usr/local/texlive/2019/texmf-dist/fonts/typ
e1/urw/times/utmb8a.pfb></usr/local/texlive/2019/texmf-dist/fonts/type1/urw/tim
es/utmr8a.pfb></usr/local/texlive/2019/texmf-dist/fonts/type1/urw/times/utmri8a
.pfb>
Output written on final_report.pdf (8 pages, 22474360 bytes).
PDF statistics:
 331 PDF objects out of 1000 (max. 8388607)
 264 compressed objects within 3 object streams
 60 named destinations out of 1000 (max. 500000)
 23266 words of extra memory for PDF output out of 24883 (max. 10000000)

